<?xml version="1.0" encoding="UTF-8"?>
<!-- Generated by org.testng.reporters.JUnitReportReporter -->
<testsuite hostname="DESKTOP-K29NKHA" failures="0" tests="1" name="com.crm.sdet.campaigns.CampaignwithProductnameTest" time="83.482" errors="0" timestamp="2022-08-09T11:57:08 IST" skipped="0">
  <testcase classname="com.crm.sdet.campaigns.CampaignwithProductnameTest" name="CampaignwithProductname" time="83.482"/>
  <system-out/>
</testsuite> <!-- com.crm.sdet.campaigns.CampaignwithProductnameTest -->
