<?xml version="1.0" encoding="UTF-8"?>
<!-- Generated by org.testng.reporters.JUnitReportReporter -->
<testsuite hostname="DESKTOP-K29NKHA" failures="0" tests="1" name="com.crm.sdet.products.DeleteProductTest" time="42.392" errors="0" timestamp="2022-08-11T15:57:35 IST" skipped="0">
  <testcase classname="com.crm.sdet.products.DeleteProductTest" name="DeleteProduct" time="42.392"/>
  <system-out/>
</testsuite> <!-- com.crm.sdet.products.DeleteProductTest -->
