<?xml version="1.0" encoding="UTF-8"?>
<!-- Generated by org.testng.reporters.JUnitReportReporter -->
<testsuite hostname="DESKTOP-K29NKHA" failures="0" tests="5" name="Practice.DataProviderTest" time="0.037" errors="0" timestamp="2022-08-03T15:23:38 IST" skipped="0">
  <testcase classname="Practice.DataProviderTest" name="bookTicket" time="0.015"/>
  <system-out/>
  <testcase classname="Practice.DataProviderTest" name="bookTicket" time="0.002"/>
  <system-out/>
  <testcase classname="Practice.DataProviderTest" name="bookTicket" time="0.004"/>
  <system-out/>
  <testcase classname="Practice.DataProviderTest" name="bookTicket" time="0.010"/>
  <system-out/>
  <testcase classname="Practice.DataProviderTest" name="bookTicket" time="0.006"/>
  <system-out/>
</testsuite> <!-- Practice.DataProviderTest -->
