<?xml version="1.0" encoding="UTF-8"?>
<!-- Generated by org.testng.reporters.JUnitReportReporter -->
<testsuite hostname="DESKTOP-K29NKHA" failures="0" tests="1" name="com.crm.sdet.organization.CreateOrganization" time="62.421" errors="0" timestamp="2022-08-03T15:57:21 IST" skipped="0">
  <testcase classname="com.crm.sdet.organization.CreateOrganization" name="CreateOrganization" time="62.421"/>
  <system-out/>
</testsuite> <!-- com.crm.sdet.organization.CreateOrganization -->
