<?xml version="1.0" encoding="UTF-8"?>
<!-- Generated by org.testng.reporters.JUnitReportReporter -->
<testsuite hostname="DESKTOP-K29NKHA" failures="0" tests="1" name="Practice.test1" time="0.015" errors="0" timestamp="2022-08-08T13:11:34 IST" skipped="0">
  <testcase classname="Practice.test1" name="createcontct" time="0.015"/>
  <system-out/>
</testsuite> <!-- Practice.test1 -->
