<?xml version="1.0" encoding="UTF-8"?>
<!-- Generated by org.testng.reporters.JUnitReportReporter -->
<testsuite hostname="DESKTOP-K29NKHA" failures="0" tests="1" name="com.crm.sdet.campaigns.CreateCampaignsTest" time="32.606" errors="0" timestamp="2022-08-11T15:57:35 IST" skipped="0">
  <testcase classname="com.crm.sdet.campaigns.CreateCampaignsTest" name="CreateCampaigns" time="32.606"/>
  <system-out/>
</testsuite> <!-- com.crm.sdet.campaigns.CreateCampaignsTest -->
