<?xml version="1.0" encoding="UTF-8"?>
<!-- Generated by org.testng.reporters.JUnitReportReporter -->
<testsuite hostname="DESKTOP-K29NKHA" failures="0" tests="1" name="com.crm.sdet.organization.CreateOrganizationTest" time="45.853" errors="0" timestamp="2022-08-11T12:59:30 IST" skipped="0">
  <testcase classname="com.crm.sdet.organization.CreateOrganizationTest" name="CreateOrganization" time="45.853"/>
  <system-out/>
</testsuite> <!-- com.crm.sdet.organization.CreateOrganizationTest -->
