<?xml version="1.0" encoding="UTF-8"?>
<!-- Generated by org.testng.reporters.JUnitReportReporter -->
<testsuite hostname="DESKTOP-K29NKHA" failures="0" tests="1" name="com.crm.sdet.campaigns.CampaignwithProductname" time="47.199" errors="0" timestamp="2022-08-03T16:13:35 IST" skipped="0">
  <testcase classname="com.crm.sdet.campaigns.CampaignwithProductname" name="CampaignwithProductname" time="47.199"/>
  <system-out/>
</testsuite> <!-- com.crm.sdet.campaigns.CampaignwithProductname -->
